-------------------------------------------------------------------------------
Test set: com.gidoc.app.service.DocenteServiceFluentTest
-------------------------------------------------------------------------------
Tests run: 2, Failures: 0, Errors: 0, Skipped: 0, Time elapsed: 4.927 s -- in com.gidoc.app.service.DocenteServiceFluentTest
com.gidoc.app.service.DocenteServiceFluentTest.crearDocente_DeberiaRetornarResponseCorrecta -- Time elapsed: 4.788 s
com.gidoc.app.service.DocenteServiceFluentTest.desactivarDocente_DeberiaRetornarFalseSiNoExiste -- Time elapsed: 0.020 s
